


ARM Macro Assembler    Page 1 


    1 00000000                 AREA             my_asm_code, CODE, READONLY ; D
                                                            efine the program a
                                                            rea
    2 00000000         
    3 00000000         ; Export functions defined in this file. These functions
                        need to be declared 
    4 00000000         ; in the file calling them.
    5 00000000                 EXPORT           asm_number_of_1s_alg1
    6 00000000                 EXPORT           asm_number_of_1s_alg2
    7 00000000                 EXPORT           asm_number_of_1s_alg3
    8 00000000                 EXPORT           asm_number_of_1s_alg2_asm_calle
r
    9 00000000                 EXPORT           asm_number_of_1s_alg3_asm_calle
r
   10 00000000         
   11 00000000                 ALIGN                        ; Align the data in
                                                             the boundary of 4 
                                                            bytes. 
   12 00000000         
   13 00000000         
   14 00000000         asm_number_of_1s_alg1
                               PROC
   15 00000000 F04F 0100       MOV              r1, #0      ; n_of_1
   16 00000004 B120    alg1_lp CBZ              r0, alg1_done
   17 00000006 EB01 71D0       ADD              r1, r0, LSR #31
   18 0000000A EA4F 0040       MOV              r0, r0, LSL #1
   19 0000000E E7F9            B                alg1_lp
   20 00000010 4608    alg1_done
                               MOV              r0, r1
   21 00000012 4770            BX               lr
   22 00000014                 ENDP
   23 00000014         
   24 00000014         
   25 00000014         asm_number_of_1s_alg2
                               PROC
   26 00000014 EA4F 71D0       MOV              r1, r0, LSR #31 ; n_of_1
   27 00000018 B118    alg2_lp CBZ              r0, alg2_done
   28 0000001A 0080            MOVS             r0, r0, LSL #2
   29 0000001C EB41 71D0       ADC              r1, r0, LSR #31
   30 00000020 E7FA            B                alg2_lp
   31 00000022 4608    alg2_done
                               MOV              r0, r1
   32 00000024 4770            BX               lr
   33 00000026                 ENDP
   34 00000026         
   35 00000026         
   36 00000026         asm_number_of_1s_alg3
                               PROC
   37 00000026 F04F 0100       MOV              r1, #0      ; n_of_1
   38 0000002A B130    alg3_lp CBZ              r0, alg3_done
   39 0000002C F1A0 0201       SUB              r2, r0, #1
   40 00000030 EA00 0002       AND              r0, r2
   41 00000034 F101 0101       ADD              r1, #1
   42 00000038 E7F7            B                alg3_lp
   43 0000003A 4608    alg3_done
                               MOV              r0, r1
   44 0000003C 4770            BX               lr
   45 0000003E                 ENDP
   46 0000003E         



ARM Macro Assembler    Page 2 


   47 0000003E         
   48 0000003E         asm_number_of_1s_alg2_asm_caller
                               PROC
   49 0000003E B5F0            PUSH             {r4-r7, lr} ; Have to save lr f
                                                            or calling another 
                                                            func
   50 00000040 4604            MOV              r4, r0      ; pointer to the in
                                                            put array
   51 00000042 460D            MOV              r5, r1      ; pointer to the ou
                                                            tput array (num of 
                                                            1's)
   52 00000044 4616            MOV              r6, r2      ; num of elements i
                                                            n the input array
   53 00000046 F04F 0700       MOV              r7, #0      ; the loop-control 
                                                            variable i
   54 0000004A         asm_number_of_1s_alg2_asm_caller_loop
   55 0000004A 42B7            CMP              r7, r6
   56 0000004C D208            BHS              asm_number_of_1s_alg2_asm_calle
r_end
   57 0000004E F854 0B04       LDR              r0, [r4], #4 
                                                            ; POSTFIX increment
                                                            
   58 00000052 F7FF FFFE       BL               asm_number_of_1s_alg2
   59 00000056 F845 0B04       STR              r0, [r5], #4
   60 0000005A F107 0701       ADD              r7, #1
   61 0000005E E7F4            B                asm_number_of_1s_alg2_asm_calle
r_loop
   62 00000060         asm_number_of_1s_alg2_asm_caller_end
   63 00000060 BDF0            POP              {r4-r7, pc}
   64 00000062                 ENDP
   65 00000062         
   66 00000062         
   67 00000062         asm_number_of_1s_alg3_asm_caller
                               PROC
   68 00000062 B5F0            PUSH             {r4-r7, lr} ; if you don't use 
                                                            these many register
                                                            s, 
   69 00000064 4604            MOV              r4, r0      ; pointer to the in
                                                            put array
   70 00000066 460D            MOV              r5, r1      ; pointer to the ou
                                                            tput array (num of 
                                                            1's)
   71 00000068 4616            MOV              r6, r2      ; num of elements i
                                                            n the input array
   72 0000006A F04F 0700       MOV              r7, #0      ; the loop-control 
                                                            variable i
   73 0000006E         ; Note that you need to code using the PREFIX increment 
                       format
   74 0000006E         asm_number_of_1s_alg3_asm_caller_loop
   75 0000006E 42B7            CMP              r7, r6
   76 00000070 D208            BHS              asm_number_of_1s_alg3_asm_calle
r_end
   77 00000072 F854 0F04       LDR              r0, [r4,#4]!
   78 00000076 F7FF FFFE       BL               asm_number_of_1s_alg3
   79 0000007A F845 0F04       STR              r0, [r5,#4]!
   80 0000007E F107 0701       ADD              r7, #1
   81 00000082 E7F4            B                asm_number_of_1s_alg3_asm_calle
r_loop
   82 00000084         asm_number_of_1s_alg3_asm_caller_end



ARM Macro Assembler    Page 3 


   83 00000084 BDF0            POP              {r4-r7, pc}
   84 00000086                 ENDP
   85 00000086         
   86 00000086         
   87 00000086                 END                          ; End of the entire
                                                             file
Command Line: --debug --xref --diag_suppress=9931 --cpu=Cortex-M4.fp --apcs=int
erwork --depend=.\objects\lab10_asm_functions_prob.d -o.\objects\lab10_asm_func
tions_prob.o -I.\RTE\_prob -IC:\Keil_v5\ARM\PACK\ARM\CMSIS\5.4.0\CMSIS\Core\Inc
lude -IC:\Keil_v5\ARM\PACK\ARM\CMSIS\5.4.0\Device\ARM\ARMCM4\Include --predefin
e="__EVAL SETA 1" --predefine="__UVISION_VERSION SETA 526" --predefine="_RTE_ S
ETA 1" --predefine="ARMCM4_FP SETA 1" --list=.\listings\lab10_asm_functions_pro
b.lst source\lab10_asm_functions_prob.s



ARM Macro Assembler    Page 1 Alphabetic symbol ordering
Relocatable symbols

alg1_done 00000010

Symbol: alg1_done
   Definitions
      At line 20 in file source\lab10_asm_functions_prob.s
   Uses
      At line 16 in file source\lab10_asm_functions_prob.s
Comment: alg1_done used once
alg1_lp 00000004

Symbol: alg1_lp
   Definitions
      At line 16 in file source\lab10_asm_functions_prob.s
   Uses
      At line 19 in file source\lab10_asm_functions_prob.s
Comment: alg1_lp used once
alg2_done 00000022

Symbol: alg2_done
   Definitions
      At line 31 in file source\lab10_asm_functions_prob.s
   Uses
      At line 27 in file source\lab10_asm_functions_prob.s
Comment: alg2_done used once
alg2_lp 00000018

Symbol: alg2_lp
   Definitions
      At line 27 in file source\lab10_asm_functions_prob.s
   Uses
      At line 30 in file source\lab10_asm_functions_prob.s
Comment: alg2_lp used once
alg3_done 0000003A

Symbol: alg3_done
   Definitions
      At line 43 in file source\lab10_asm_functions_prob.s
   Uses
      At line 38 in file source\lab10_asm_functions_prob.s
Comment: alg3_done used once
alg3_lp 0000002A

Symbol: alg3_lp
   Definitions
      At line 38 in file source\lab10_asm_functions_prob.s
   Uses
      At line 42 in file source\lab10_asm_functions_prob.s
Comment: alg3_lp used once
asm_number_of_1s_alg1 00000000

Symbol: asm_number_of_1s_alg1
   Definitions
      At line 14 in file source\lab10_asm_functions_prob.s
   Uses
      At line 5 in file source\lab10_asm_functions_prob.s
Comment: asm_number_of_1s_alg1 used once
asm_number_of_1s_alg2 00000014

Symbol: asm_number_of_1s_alg2



ARM Macro Assembler    Page 2 Alphabetic symbol ordering
Relocatable symbols

   Definitions
      At line 25 in file source\lab10_asm_functions_prob.s
   Uses
      At line 6 in file source\lab10_asm_functions_prob.s
      At line 58 in file source\lab10_asm_functions_prob.s

asm_number_of_1s_alg2_asm_caller 0000003E

Symbol: asm_number_of_1s_alg2_asm_caller
   Definitions
      At line 48 in file source\lab10_asm_functions_prob.s
   Uses
      At line 8 in file source\lab10_asm_functions_prob.s
Comment: asm_number_of_1s_alg2_asm_caller used once
asm_number_of_1s_alg2_asm_caller_end 00000060

Symbol: asm_number_of_1s_alg2_asm_caller_end
   Definitions
      At line 62 in file source\lab10_asm_functions_prob.s
   Uses
      At line 56 in file source\lab10_asm_functions_prob.s
Comment: asm_number_of_1s_alg2_asm_caller_end used once
asm_number_of_1s_alg2_asm_caller_loop 0000004A

Symbol: asm_number_of_1s_alg2_asm_caller_loop
   Definitions
      At line 54 in file source\lab10_asm_functions_prob.s
   Uses
      At line 61 in file source\lab10_asm_functions_prob.s
Comment: asm_number_of_1s_alg2_asm_caller_loop used once
asm_number_of_1s_alg3 00000026

Symbol: asm_number_of_1s_alg3
   Definitions
      At line 36 in file source\lab10_asm_functions_prob.s
   Uses
      At line 7 in file source\lab10_asm_functions_prob.s
      At line 78 in file source\lab10_asm_functions_prob.s

asm_number_of_1s_alg3_asm_caller 00000062

Symbol: asm_number_of_1s_alg3_asm_caller
   Definitions
      At line 67 in file source\lab10_asm_functions_prob.s
   Uses
      At line 9 in file source\lab10_asm_functions_prob.s
Comment: asm_number_of_1s_alg3_asm_caller used once
asm_number_of_1s_alg3_asm_caller_end 00000084

Symbol: asm_number_of_1s_alg3_asm_caller_end
   Definitions
      At line 82 in file source\lab10_asm_functions_prob.s
   Uses
      At line 76 in file source\lab10_asm_functions_prob.s
Comment: asm_number_of_1s_alg3_asm_caller_end used once
asm_number_of_1s_alg3_asm_caller_loop 0000006E

Symbol: asm_number_of_1s_alg3_asm_caller_loop
   Definitions



ARM Macro Assembler    Page 3 Alphabetic symbol ordering
Relocatable symbols

      At line 74 in file source\lab10_asm_functions_prob.s
   Uses
      At line 81 in file source\lab10_asm_functions_prob.s
Comment: asm_number_of_1s_alg3_asm_caller_loop used once
my_asm_code 00000000

Symbol: my_asm_code
   Definitions
      At line 1 in file source\lab10_asm_functions_prob.s
   Uses
      None
Comment: my_asm_code unused
16 symbols
351 symbols in table
